<?xml version="1.0" encoding="UTF-8"?>
<!-- Generated by org.testng.reporters.JUnitReportReporter -->
<testsuite hostname="DESKTOP-SVDJBTV" failures="0" tests="1" name="qa_assessment_testcase.MergeVisitsAndVerifyTest" time="30.626" errors="0" timestamp="9 Sep 2025 07:12:21 GMT">
  <testcase classname="qa_assessment_testcase.MergeVisitsAndVerifyTest" name="mergeVisitsAndVerifywithTagsTest" time="30.626"/>
</testsuite> <!-- qa_assessment_testcase.MergeVisitsAndVerifyTest -->
